<?xml version="1.0" encoding="UTF-8"?>
<!-- Generated by org.testng.reporters.JUnitReportReporter -->
<testsuite hostname="MEHEDI" failures="0" tests="1" name="education.com.tc_003_worksheets" time="40.215" errors="0" timestamp="2023-08-19T21:14:11 BDT" skipped="0">
  <testcase classname="education.com.tc_003_worksheets" name="test_worksheets" time="40.215"/>
  <system-out/>
</testsuite> <!-- education.com.tc_003_worksheets -->
