<?xml version="1.0" encoding="UTF-8"?>
<!-- Generated by org.testng.reporters.JUnitReportReporter -->
<testsuite hostname="MEHEDI" failures="0" tests="4" name="education.com.tc_002_login" time="46.231" errors="0" timestamp="2023-08-19T20:25:17 BDT" skipped="0">
  <testcase classname="education.com.tc_002_login" name="test_login" time="10.114"/>
  <system-out/>
  <testcase classname="education.com.tc_002_login" name="test_login" time="10.081"/>
  <system-out/>
  <testcase classname="education.com.tc_002_login" name="test_login" time="14.917"/>
  <system-out/>
  <testcase classname="education.com.tc_002_login" name="test_login" time="11.119"/>
  <system-out/>
</testsuite> <!-- education.com.tc_002_login -->
