<?xml version="1.0" encoding="UTF-8"?>
<!-- Generated by org.testng.reporters.JUnitReportReporter -->
<testsuite hostname="MEHEDI" failures="0" tests="1" name="rokomari.com.driver_setup" time="8.329" errors="0" timestamp="2023-07-22T00:49:23 BDT" skipped="0">
  <testcase classname="rokomari.com.driver_setup" name="driverSetup" time="8.329"/>
</testsuite> <!-- rokomari.com.driver_setup -->
